\BOOKMARK [1][-]{section.1}{\376\377\000L\000e\000g\000g\000i\000\040\000d\000i\000\040\000c\000o\000n\000s\000e\000r\000v\000a\000z\000i\000o\000n\000e\000\040\000n\000o\000n\000\040\000l\000i\000n\000e\000a\000r\000i}{}
\BOOKMARK [2][-]{subsection.2}{\376\377\000F\000o\000r\000m\000u\000l\000a\000z\000i\000o\000n\000e\000\040\000i\000n\000t\000e\000g\000r\000a\000l\000e\000\040\000e\000\040\000d\000i\000f\000f\000e\000r\000e\000n\000z\000i\000a\000l\000e}{section.1}
\BOOKMARK [2][-]{subsection.6}{\376\377\000S\000o\000l\000u\000z\000i\000o\000n\000i\000\040\000a\000d\000\040\000o\000n\000d\000e\000\040\000p\000i\000a\000n\000e}{section.1}
\BOOKMARK [2][-]{subsection.8}{\376\377\000P\000r\000o\000b\000l\000e\000m\000a\000\040\000d\000i\000\040\000R\000i\000e\000m\000a\000n\000n}{section.1}
\BOOKMARK [1][-]{section.10}{\376\377\000I\000l\000\040\000m\000e\000t\000o\000d\000o\000\040\000d\000e\000i\000\040\000V\000o\000l\000u\000m\000i\000\040\000F\000i\000n\000i\000t\000i\000\040\000s\000u\000\040\000g\000r\000i\000g\000l\000i\000e\000\040\000n\000o\000n\000\040\000s\000t\000r\000u\000t\000t\000u\000r\000a\000t\000e}{}
\BOOKMARK [1][-]{section.15}{\376\377\000I\000m\000p\000l\000e\000m\000e\000n\000t\000a\000z\000i\000o\000n\000e\000\040\000d\000e\000l\000\040\000c\000o\000d\000i\000c\000e\000\040\000i\000n\000\040\000C\000+\000+}{}
\BOOKMARK [2][-]{subsection.19}{\376\377\000L\000a\000\040\000g\000e\000s\000t\000i\000o\000n\000e\000\040\000d\000e\000l\000l\000a\000\040\000m\000e\000s\000h}{section.15}
\BOOKMARK [3][-]{subsubsection.21}{\376\377\000L\000a\000\040\000s\000t\000r\000u\000t\000t\000u\000r\000a\000\040\000d\000a\000t\000i\000\040\000h\000a\000l\000f\000-\000e\000d\000g\000e}{subsection.19}
\BOOKMARK [3][-]{subsubsection.25}{\376\377\000I\000\040\000c\000i\000r\000c\000o\000l\000a\000t\000o\000r\000i}{subsection.19}
\BOOKMARK [3][-]{subsubsection.72}{\376\377\000L\000a\000\040\000c\000o\000s\000t\000r\000u\000z\000i\000o\000n\000e\000\040\000d\000e\000l\000l\000a\000\040\000s\000t\000r\000u\000t\000t\000u\000r\000a\000\040\000d\000a\000t\000i}{subsection.19}
\BOOKMARK [3][-]{subsubsection.168}{\376\377\000T\000r\000a\000i\000t\000s\000\040\000d\000e\000l\000l\000a\000\040\000M\000e\000s\000h}{subsection.19}
\BOOKMARK [2][-]{subsection.216}{\376\377\000L\000a\000\040\000s\000t\000r\000u\000t\000t\000u\000r\000a\000\040\000d\000e\000l\000\040\000s\000o\000l\000u\000t\000o\000r\000e\000\040\000a\000\040\000V\000o\000l\000u\000m\000i\000\040\000F\000i\000n\000i\000t\000i}{section.15}
\BOOKMARK [2][-]{subsection.326}{\376\377\000D\000e\000f\000i\000n\000i\000z\000i\000o\000n\000e\000\040\000d\000e\000l\000\040\000m\000o\000d\000e\000l\000l\000o\000\040\000e\000\040\000d\000e\000l\000\040\000f\000l\000u\000s\000s\000o\000\040\000n\000u\000m\000e\000r\000i\000c\000o}{section.15}
\BOOKMARK [3][-]{subsubsection.327}{\376\377\000I\000l\000\040\000m\000o\000d\000e\000l\000l\000o}{subsection.326}
\BOOKMARK [3][-]{subsubsection.365}{\376\377\000F\000l\000u\000s\000s\000i\000\040\000n\000u\000m\000e\000r\000i\000c\000i}{subsection.326}
\BOOKMARK [2][-]{subsection.386}{\376\377\000O\000u\000t\000p\000u\000t\000\040\000d\000e\000i\000\040\000r\000i\000s\000u\000l\000t\000a\000t\000i}{section.15}
\BOOKMARK [1][-]{section.387}{\376\377\000E\000s\000e\000m\000p\000i\000\040\000a\000p\000p\000l\000i\000c\000a\000t\000i\000v\000i}{}
\BOOKMARK [2][-]{subsection.388}{\376\377\000C\000r\000o\000l\000l\000o\000\040\000d\000i\000\040\000u\000n\000a\000\040\000d\000i\000g\000a}{section.387}
\BOOKMARK [2][-]{subsection.486}{\376\377\000S\000h\000o\000c\000k\000\040\000B\000u\000b\000b\000l\000e}{section.387}
\BOOKMARK [1][-]{section.489}{\376\377\000C\000o\000n\000c\000l\000u\000s\000i\000o\000n\000i}{}
\BOOKMARK [1][-]{appendix.506}{\376\377\000F\000l\000u\000s\000s\000i\000\040\000n\000u\000m\000e\000r\000i\000c\000i}{}
\BOOKMARK [2][-]{subsection.510}{\376\377\000M\000e\000t\000o\000d\000o\000\040\000d\000i\000\040\000L\000a\000x\000-\000F\000r\000i\000e\000d\000r\000i\000c\000h\000s}{appendix.506}
\BOOKMARK [2][-]{subsection.511}{\376\377\000M\000e\000t\000o\000d\000o\000\040\000d\000i\000\040\000G\000o\000d\000u\000n\000o\000v}{appendix.506}
\BOOKMARK [2][-]{subsection.512}{\376\377\000F\000l\000u\000s\000s\000i\000\040\000n\000u\000m\000e\000r\000i\000c\000i\000\040\000a\000p\000p\000r\000o\000s\000s\000i\000m\000a\000t\000i}{appendix.506}
\BOOKMARK [1][-]{appendix.513}{\376\377\000F\000o\000r\000m\000a\000t\000o\000\040\000d\000e\000i\000\040\000f\000i\000l\000e}{}
